<?xml version="1.0" encoding="utf-8"?><testsuites><testsuite name="pytest" errors="0" failures="2" skipped="0" tests="4" time="71.017" timestamp="2024-02-12T21:11:05.776414" hostname="CO-IT021519"><testcase classname="tests.model.test_model.TestModel" name="test_model_fit" time="17.249" /><testcase classname="tests.model.test_model.TestModel" name="test_model_predict" time="17.283" /><testcase classname="tests.model.test_model.TestModel" name="test_model_preprocess_for_serving" time="16.773"><failure message="AssertionError: assert False&#10; +  where False = isinstance((       OPERA_Aerolineas Argentinas  OPERA_Aeromexico  ...  MES_11  MES_12\n0                            False         ...\n4        0\n        ..\n68201    1\n68202    1\n68203    1\n68204    0\n68205    0\nName: delay, Length: 68206, dtype: int64), &lt;class 'pandas.core.frame.DataFrame'&gt;)&#10; +    where &lt;class 'pandas.core.frame.DataFrame'&gt; = pd.DataFrame">self = &lt;tests.model.test_model.TestModel testMethod=test_model_preprocess_for_serving&gt;

    def test_model_preprocess_for_serving(
        self
    ):
        features = self.model.preprocess(
            data=self.data
        )
    
&gt;       assert isinstance(features, pd.DataFrame)
E       AssertionError: assert False
E        +  where False = isinstance((       OPERA_Aerolineas Argentinas  OPERA_Aeromexico  ...  MES_11  MES_12\n0                            False         ...\n4        0\n        ..\n68201    1\n68202    1\n68203    1\n68204    0\n68205    0\nName: delay, Length: 68206, dtype: int64), &lt;class 'pandas.core.frame.DataFrame'&gt;)
E        +    where &lt;class 'pandas.core.frame.DataFrame'&gt; = pd.DataFrame

tests/model/test_model.py:62: AssertionError</failure></testcase><testcase classname="tests.model.test_model.TestModel" name="test_model_preprocess_for_training" time="17.008"><failure message="AssertionError: assert 37 == 10&#10; +  where 10 = len(['OPERA_Latin American Wings', 'MES_7', 'MES_10', 'OPERA_Grupo LATAM', 'MES_12', 'TIPOVUELO_I', ...])&#10; +    where ['OPERA_Latin American Wings', 'MES_7', 'MES_10', 'OPERA_Grupo LATAM', 'MES_12', 'TIPOVUELO_I', ...] = &lt;tests.model.test_model.TestModel testMethod=test_model_preprocess_for_training&gt;.FEATURES_COLS">self = &lt;tests.model.test_model.TestModel testMethod=test_model_preprocess_for_training&gt;

    def test_model_preprocess_for_training(
        self
    ):
        features, target = self.model.preprocess(
            data=self.data,
            target_column="delay"
        )
    
        assert isinstance(features, pd.DataFrame)
&gt;       assert features.shape[1] == len(self.FEATURES_COLS)
E       AssertionError: assert 37 == 10
E        +  where 10 = len(['OPERA_Latin American Wings', 'MES_7', 'MES_10', 'OPERA_Grupo LATAM', 'MES_12', 'TIPOVUELO_I', ...])
E        +    where ['OPERA_Latin American Wings', 'MES_7', 'MES_10', 'OPERA_Grupo LATAM', 'MES_12', 'TIPOVUELO_I', ...] = &lt;tests.model.test_model.TestModel testMethod=test_model_preprocess_for_training&gt;.FEATURES_COLS

tests/model/test_model.py:47: AssertionError</failure></testcase></testsuite></testsuites>